<?xml version="1.0" encoding="UTF-8"?>
<!-- Generated by org.testng.reporters.JUnitReportReporter -->
<testsuite hostname="Mani" failures="0" tests="2" name="com.interBanking_testcases.TC_NewAccountTest_006" time="21.286" errors="0" timestamp="2023-02-03T09:43:00 IST" skipped="0">
  <testcase classname="com.interBanking_testcases.TC_NewAccountTest_006" name="NewAccount" time="10.581"/>
  <system-out/>
  <testcase classname="com.interBanking_testcases.TC_NewAccountTest_006" name="NewAccount" time="10.705"/>
  <system-out/>
</testsuite> <!-- com.interBanking_testcases.TC_NewAccountTest_006 -->
