<?xml version="1.0" encoding="UTF-8"?>
<!-- Generated by org.testng.reporters.JUnitReportReporter -->
<testsuite hostname="Mani" failures="0" tests="1" name="com.interBanking_testcases.TC_LoginTest_001" time="2.045" errors="0" timestamp="2023-01-31T08:56:29 IST" skipped="0">
  <testcase classname="com.interBanking_testcases.TC_LoginTest_001" name="loginTest" time="2.045"/>
  <system-out/>
</testsuite> <!-- com.interBanking_testcases.TC_LoginTest_001 -->
