<?xml version="1.0" encoding="UTF-8"?>
<!-- Generated by org.testng.reporters.JUnitReportReporter -->
<testsuite hostname="Mani" failures="0" tests="1" name="com.interBanking_testcases.TC_NewAccountTest_006" time="12.794" errors="0" timestamp="2023-02-01T11:22:17 IST" skipped="0">
  <testcase classname="com.interBanking_testcases.TC_NewAccountTest_006" name="NewAccount" time="12.794"/>
  <system-out/>
</testsuite> <!-- com.interBanking_testcases.TC_NewAccountTest_006 -->
