<?xml version="1.0" encoding="UTF-8"?>
<!-- Generated by org.testng.reporters.JUnitReportReporter -->
<testsuite hostname="Mani" failures="0" tests="2" name="com.interBanking_testcases.TC_MiniStatemenetTest_014" time="15.470" errors="0" timestamp="2023-02-03T09:43:00 IST" skipped="0">
  <testcase classname="com.interBanking_testcases.TC_MiniStatemenetTest_014" name="MiniStatemenetTest" time="6.274"/>
  <system-out/>
  <testcase classname="com.interBanking_testcases.TC_MiniStatemenetTest_014" name="MiniStatemenetTest" time="9.196"/>
  <system-out/>
</testsuite> <!-- com.interBanking_testcases.TC_MiniStatemenetTest_014 -->
