<?xml version="1.0" encoding="UTF-8"?>
<!-- Generated by org.testng.reporters.JUnitReportReporter -->
<testsuite hostname="Mani" failures="0" tests="1" name="com.interBanking_testcases.TC_NewAccountTest_006" time="20.287" errors="0" timestamp="2023-01-31T23:28:04 IST" skipped="0">
  <testcase classname="com.interBanking_testcases.TC_NewAccountTest_006" name="NewAccount" time="20.287"/>
  <system-out/>
</testsuite> <!-- com.interBanking_testcases.TC_NewAccountTest_006 -->
