<?xml version="1.0" encoding="UTF-8"?>
<!-- Generated by org.testng.reporters.JUnitReportReporter -->
<testsuite hostname="Mani" failures="0" tests="1" name="com.interBanking_testcases.TC_NewCustomerTest_003" time="24.732" errors="0" timestamp="2023-01-22T17:43:57 IST" skipped="0">
  <testcase classname="com.interBanking_testcases.TC_NewCustomerTest_003" name="NewCustomer" time="24.732"/>
  <system-out/>
</testsuite> <!-- com.interBanking_testcases.TC_NewCustomerTest_003 -->
