<?xml version="1.0" encoding="UTF-8"?>
<!-- Generated by org.testng.reporters.JUnitReportReporter -->
<testsuite hostname="Mani" failures="0" tests="2" name="com.interBanking_testcases.TC_LoginTest_001" time="6.090" errors="0" timestamp="2023-02-03T09:43:00 IST" skipped="0">
  <testcase classname="com.interBanking_testcases.TC_LoginTest_001" name="loginTest" time="3.652"/>
  <system-out/>
  <testcase classname="com.interBanking_testcases.TC_LoginTest_001" name="loginTest" time="2.438"/>
  <system-out/>
</testsuite> <!-- com.interBanking_testcases.TC_LoginTest_001 -->
