<?xml version="1.0" encoding="UTF-8"?>
<!-- Generated by org.testng.reporters.JUnitReportReporter -->
<testsuite hostname="Mani" failures="0" tests="1" name="com.interBanking_testcases.TC_EditAccountTest_007" time="13.304" errors="0" timestamp="2023-02-01T05:36:25 IST" skipped="0">
  <testcase classname="com.interBanking_testcases.TC_EditAccountTest_007" name="EditAccount" time="13.304"/>
  <system-out/>
</testsuite> <!-- com.interBanking_testcases.TC_EditAccountTest_007 -->
