<?xml version="1.0" encoding="UTF-8"?>
<!-- Generated by org.testng.reporters.JUnitReportReporter -->
<testsuite hostname="Mani" failures="0" tests="2" name="com.interBanking_testcases.TC_NewCustomerTest_003" time="31.130" errors="0" timestamp="2023-02-03T09:43:00 IST" skipped="0">
  <testcase classname="com.interBanking_testcases.TC_NewCustomerTest_003" name="NewCustomer" time="16.098"/>
  <system-out/>
  <testcase classname="com.interBanking_testcases.TC_NewCustomerTest_003" name="NewCustomer" time="15.032"/>
  <system-out/>
</testsuite> <!-- com.interBanking_testcases.TC_NewCustomerTest_003 -->
