<?xml version="1.0" encoding="UTF-8"?>
<!-- Generated by org.testng.reporters.JUnitReportReporter -->
<testsuite hostname="Mani" failures="0" tests="2" name="com.interBanking_testcases.TC_DepositTest_009" time="16.291" errors="0" timestamp="2023-02-03T09:43:00 IST" skipped="0">
  <testcase classname="com.interBanking_testcases.TC_DepositTest_009" name="depostamount" time="8.667"/>
  <system-out/>
  <testcase classname="com.interBanking_testcases.TC_DepositTest_009" name="depostamount" time="7.624"/>
  <system-out/>
</testsuite> <!-- com.interBanking_testcases.TC_DepositTest_009 -->
