<?xml version="1.0" encoding="UTF-8"?>
<!-- Generated by org.testng.reporters.JUnitReportReporter -->
<testsuite hostname="Mani" failures="0" tests="2" name="com.interBanking_testcases.TC_EditAccountTest_007" time="17.584" errors="0" timestamp="2023-02-03T09:43:00 IST" skipped="0">
  <testcase classname="com.interBanking_testcases.TC_EditAccountTest_007" name="EditAccount" time="9.428"/>
  <system-out/>
  <testcase classname="com.interBanking_testcases.TC_EditAccountTest_007" name="EditAccount" time="8.156"/>
  <system-out/>
</testsuite> <!-- com.interBanking_testcases.TC_EditAccountTest_007 -->
