<?xml version="1.0" encoding="UTF-8"?>
<!-- Generated by org.testng.reporters.JUnitReportReporter -->
<testsuite hostname="Mani" failures="0" tests="2" name="com.interBanking_testcases.TC_BalanceEqueryTest_013" time="10.046" errors="0" timestamp="2023-02-03T09:43:00 IST" skipped="0">
  <testcase classname="com.interBanking_testcases.TC_BalanceEqueryTest_013" name="BalanceEquery" time="5.254"/>
  <system-out/>
  <testcase classname="com.interBanking_testcases.TC_BalanceEqueryTest_013" name="BalanceEquery" time="4.792"/>
  <system-out/>
</testsuite> <!-- com.interBanking_testcases.TC_BalanceEqueryTest_013 -->
