<?xml version="1.0" encoding="UTF-8"?>
<!-- Generated by org.testng.reporters.JUnitReportReporter -->
<testsuite hostname="Mani" failures="0" tests="2" name="com.interBanking_testcases.TC_WithdrawalTest_010" time="14.800" errors="0" timestamp="2023-02-03T09:43:00 IST" skipped="0">
  <testcase classname="com.interBanking_testcases.TC_WithdrawalTest_010" name="Withdrawals" time="5.945"/>
  <system-out/>
  <testcase classname="com.interBanking_testcases.TC_WithdrawalTest_010" name="Withdrawals" time="8.855"/>
  <system-out/>
</testsuite> <!-- com.interBanking_testcases.TC_WithdrawalTest_010 -->
