<?xml version="1.0" encoding="UTF-8"?>
<!-- Generated by org.testng.reporters.JUnitReportReporter -->
<testsuite hostname="Mani" failures="0" tests="2" name="com.interBanking_testcases.TC_CustomisedStatementTest_015" time="15.924" errors="0" timestamp="2023-02-03T09:43:00 IST" skipped="0">
  <testcase classname="com.interBanking_testcases.TC_CustomisedStatementTest_015" name="CustomisedStatement" time="7.507"/>
  <system-out/>
  <testcase classname="com.interBanking_testcases.TC_CustomisedStatementTest_015" name="CustomisedStatement" time="8.417"/>
  <system-out/>
</testsuite> <!-- com.interBanking_testcases.TC_CustomisedStatementTest_015 -->
