<?xml version="1.0" encoding="UTF-8"?>
<!-- Generated by org.testng.reporters.JUnitReportReporter -->
<testsuite hostname="Mani" failures="0" tests="1" name="com.interBanking_testcases.TC_LoginTest_001" time="5.074" errors="0" timestamp="2023-01-26T10:42:06 IST" skipped="0">
  <testcase classname="com.interBanking_testcases.TC_LoginTest_001" name="loginTest" time="5.074"/>
  <system-out/>
</testsuite> <!-- com.interBanking_testcases.TC_LoginTest_001 -->
